2025-04-21 23:45:37,181 - WARNING - No folder selected for generation
2025-04-21 23:49:00,048 - WARNING - No folder selected
2025-04-21 23:52:12,986 - INFO - Folder selected: E:/桌面1
2025-04-21 23:55:51,346 - INFO - Folder selected: E:/桌面1/1.英文期刊下载方法
2025-04-21 23:56:51,989 - INFO - Folder selected: E:/桌面1/1.英文期刊下载方法/英文期刊下载方法
2025-04-21 23:56:57,753 - INFO - Folder selected: E:/桌面1/1.英文期刊下载方法
2025-04-21 23:56:59,689 - INFO - Creating document at: E:\桌面1\1.英文期刊下载方法\佐证材料.docx
2025-04-21 23:56:59,712 - INFO - Adding image: E:\桌面1\1.英文期刊下载方法\英文期刊下载方法\1.jpg
2025-04-21 23:56:59,748 - INFO - Adding image: E:\桌面1\1.英文期刊下载方法\英文期刊下载方法\2.jpg
2025-04-21 23:56:59,755 - INFO - Adding image: E:\桌面1\1.英文期刊下载方法\英文期刊下载方法\3.jpg
2025-04-21 23:56:59,763 - INFO - Adding image: E:\桌面1\1.英文期刊下载方法\英文期刊下载方法\4.jpg
2025-04-21 23:56:59,774 - INFO - Adding image: E:\桌面1\1.英文期刊下载方法\英文期刊下载方法\5.jpg
2025-04-21 23:56:59,784 - INFO - Adding image: E:\桌面1\1.英文期刊下载方法\英文期刊下载方法\6.jpg
2025-04-21 23:56:59,792 - INFO - Adding image: E:\桌面1\1.英文期刊下载方法\英文期刊下载方法\7.jpg
2025-04-21 23:56:59,804 - INFO - Adding image: E:\桌面1\1.英文期刊下载方法\英文期刊下载方法\8.jpg
2025-04-21 23:56:59,814 - INFO - Adding image: E:\桌面1\1.英文期刊下载方法\英文期刊下载方法\9.jpg
2025-04-21 23:56:59,824 - INFO - Adding image: E:\桌面1\1.英文期刊下载方法\英文期刊下载方法\10.jpg
2025-04-21 23:57:00,067 - INFO - Document creation completed at: E:\桌面1\1.英文期刊下载方法\佐证材料.docx
2025-04-21 23:58:54,191 - INFO - Folder selected: E:/桌面1/1.英文期刊下载方法
2025-04-21 23:58:57,191 - INFO - Creating document at: E:\桌面1\1.英文期刊下载方法\佐证材料.docx
2025-04-21 23:58:57,206 - INFO - Adding image: E:\桌面1\1.英文期刊下载方法\1.英文期刊下载方法\1.jpg
2025-04-21 23:58:57,230 - INFO - Adding image: E:\桌面1\1.英文期刊下载方法\1.英文期刊下载方法\2.jpg
2025-04-21 23:58:57,239 - INFO - Adding image: E:\桌面1\1.英文期刊下载方法\1.英文期刊下载方法\3.jpg
2025-04-21 23:58:57,247 - INFO - Adding image: E:\桌面1\1.英文期刊下载方法\1.英文期刊下载方法\4.jpg
2025-04-21 23:58:57,256 - INFO - Adding image: E:\桌面1\1.英文期刊下载方法\1.英文期刊下载方法\5.jpg
2025-04-21 23:58:57,267 - INFO - Adding image: E:\桌面1\1.英文期刊下载方法\1.英文期刊下载方法\6.jpg
2025-04-21 23:58:57,278 - INFO - Adding image: E:\桌面1\1.英文期刊下载方法\1.英文期刊下载方法\7.jpg
2025-04-21 23:58:57,289 - INFO - Adding image: E:\桌面1\1.英文期刊下载方法\1.英文期刊下载方法\8.jpg
2025-04-21 23:58:57,300 - INFO - Adding image: E:\桌面1\1.英文期刊下载方法\1.英文期刊下载方法\9.jpg
2025-04-21 23:58:57,311 - INFO - Adding image: E:\桌面1\1.英文期刊下载方法\1.英文期刊下载方法\10.jpg
2025-04-21 23:58:57,557 - INFO - Document creation completed at: E:\桌面1\1.英文期刊下载方法\佐证材料.docx
2025-04-22 00:04:06,036 - INFO - Folder selected: E:/桌面1/AHP专家
2025-04-22 00:04:22,006 - INFO - Folder selected: E:/桌面1/发票_files
