2025-04-22 00:13:52,366 - WARNING - Failed to load manualDoc.ico
2025-04-22 02:14:10,339 - WARNING - Failed to load manualDoc.ico
2025-04-22 02:14:26,143 - INFO - Folder selected: D:/show/论文
2025-04-22 02:14:33,910 - INFO - Creating document at: D:\show\论文\佐证材料.docx
2025-04-22 02:14:33,925 - INFO - Adding image: D:\show\论文\1.信息技术在智慧教室建设的应用_伍家恒\1.jpg
2025-04-22 02:14:33,970 - INFO - Adding image: D:\show\论文\1.信息技术在智慧教室建设的应用_伍家恒\2.jpg
2025-04-22 02:14:33,993 - INFO - Adding image: D:\show\论文\2.基于AIoT技术的智慧教室应用研究_孙廨尧\1.jpg
2025-04-22 02:14:34,015 - INFO - Adding image: D:\show\论文\2.基于AIoT技术的智慧教室应用研究_孙廨尧\2.jpg
2025-04-22 02:14:34,037 - INFO - Adding image: D:\show\论文\2.基于AIoT技术的智慧教室应用研究_孙廨尧\3.jpg
2025-04-22 02:14:34,058 - INFO - Adding image: D:\show\论文\2.基于AIoT技术的智慧教室应用研究_孙廨尧\4.jpg
2025-04-22 02:14:34,079 - INFO - Adding image: D:\show\论文\2.基于AIoT技术的智慧教室应用研究_孙廨尧\5.jpg
2025-04-22 02:14:34,105 - INFO - Adding image: D:\show\论文\3.基于“互联网+”时代下高校智慧教室建设的探索与研究_李国平\1.jpg
2025-04-22 02:14:34,133 - INFO - Adding image: D:\show\论文\3.基于“互联网+”时代下高校智慧教室建设的探索与研究_李国平\2.jpg
2025-04-22 02:14:34,158 - INFO - Adding image: D:\show\论文\3.基于“互联网+”时代下高校智慧教室建设的探索与研究_李国平\3.jpg
2025-04-22 02:14:34,183 - INFO - Adding image: D:\show\论文\4.无线传感网技术在智慧教室系统中的应用_景琪\1.jpg
2025-04-22 02:14:34,208 - INFO - Adding image: D:\show\论文\4.无线传感网技术在智慧教室系统中的应用_景琪\2.jpg
2025-04-22 02:14:34,235 - INFO - Adding image: D:\show\论文\4.无线传感网技术在智慧教室系统中的应用_景琪\3.jpg
2025-04-22 02:14:34,263 - INFO - Adding image: D:\show\论文\5.无线传感网技术在智慧教室系统中的应用_李国良\1.jpg
2025-04-22 02:14:34,292 - INFO - Adding image: D:\show\论文\5.无线传感网技术在智慧教室系统中的应用_李国良\2.jpg
2025-04-22 02:14:34,321 - INFO - Adding image: D:\show\论文\6.智慧教学视域下高校家具设计课程微项目教学探究_冯雨\1.jpg
2025-04-22 02:14:34,350 - INFO - Adding image: D:\show\论文\6.智慧教学视域下高校家具设计课程微项目教学探究_冯雨\2.jpg
2025-04-22 02:14:34,382 - INFO - Adding image: D:\show\论文\6.智慧教学视域下高校家具设计课程微项目教学探究_冯雨\3.jpg
2025-04-22 02:14:34,415 - INFO - Adding image: D:\show\论文\7.智慧校园的物联网应用_朱子芊\1.jpg
2025-04-22 02:14:34,443 - INFO - Adding image: D:\show\论文\7.智慧校园的物联网应用_朱子芊\2.jpg
2025-04-22 02:14:34,473 - INFO - Adding image: D:\show\论文\7.智慧校园的物联网应用_朱子芊\3.jpg
2025-04-22 02:14:34,507 - INFO - Adding image: D:\show\论文\8.校园智慧教室的物联网技术的应用_李小孟\1.jpg
2025-04-22 02:14:34,539 - INFO - Adding image: D:\show\论文\8.校园智慧教室的物联网技术的应用_李小孟\2.jpg
2025-04-22 02:14:34,574 - INFO - Adding image: D:\show\论文\9.观察法在中小学创客教室家具设计中的应用_李欣怡\1.jpg
2025-04-22 02:14:34,608 - INFO - Adding image: D:\show\论文\9.观察法在中小学创客教室家具设计中的应用_李欣怡\2.jpg
2025-04-22 02:14:34,643 - INFO - Adding image: D:\show\论文\9.观察法在中小学创客教室家具设计中的应用_李欣怡\3.jpg
2025-04-22 02:14:34,678 - INFO - Adding image: D:\show\论文\9.观察法在中小学创客教室家具设计中的应用_李欣怡\4.jpg
2025-04-22 02:14:34,716 - INFO - Adding image: D:\show\论文\9.观察法在中小学创客教室家具设计中的应用_李欣怡\5.jpg
2025-04-22 02:14:34,755 - INFO - Adding image: D:\show\论文\9.观察法在中小学创客教室家具设计中的应用_李欣怡\6.jpg
2025-04-22 02:14:36,139 - INFO - Document creation completed at: D:\show\论文\佐证材料.docx
2025-04-22 02:15:07,067 - WARNING - No folder selected
2025-04-22 02:16:11,488 - INFO - Folder selected: D:/show/论文
2025-04-22 02:16:14,516 - INFO - Creating document at: D:\show\论文\佐证材料.docx
2025-04-22 02:16:14,528 - INFO - Adding image: D:\show\论文\1.信息技术在智慧教室建设的应用_伍家恒\1.jpg
2025-04-22 02:16:14,535 - INFO - Adding image: D:\show\论文\1.信息技术在智慧教室建设的应用_伍家恒\2.jpg
2025-04-22 02:16:14,544 - INFO - Adding image: D:\show\论文\2.基于AIoT技术的智慧教室应用研究_孙廨尧\1.jpg
2025-04-22 02:16:14,553 - INFO - Adding image: D:\show\论文\2.基于AIoT技术的智慧教室应用研究_孙廨尧\2.jpg
2025-04-22 02:16:14,564 - INFO - Adding image: D:\show\论文\2.基于AIoT技术的智慧教室应用研究_孙廨尧\3.jpg
2025-04-22 02:16:14,575 - INFO - Adding image: D:\show\论文\2.基于AIoT技术的智慧教室应用研究_孙廨尧\4.jpg
2025-04-22 02:16:14,587 - INFO - Adding image: D:\show\论文\2.基于AIoT技术的智慧教室应用研究_孙廨尧\5.jpg
2025-04-22 02:16:14,600 - INFO - Adding image: D:\show\论文\3.基于“互联网+”时代下高校智慧教室建设的探索与研究_李国平\1.jpg
2025-04-22 02:16:14,614 - INFO - Adding image: D:\show\论文\3.基于“互联网+”时代下高校智慧教室建设的探索与研究_李国平\2.jpg
2025-04-22 02:16:14,628 - INFO - Adding image: D:\show\论文\3.基于“互联网+”时代下高校智慧教室建设的探索与研究_李国平\3.jpg
2025-04-22 02:16:14,644 - INFO - Adding image: D:\show\论文\4.无线传感网技术在智慧教室系统中的应用_景琪\1.jpg
2025-04-22 02:16:14,661 - INFO - Adding image: D:\show\论文\4.无线传感网技术在智慧教室系统中的应用_景琪\2.jpg
2025-04-22 02:16:14,678 - INFO - Adding image: D:\show\论文\4.无线传感网技术在智慧教室系统中的应用_景琪\3.jpg
2025-04-22 02:16:14,699 - INFO - Adding image: D:\show\论文\5.无线传感网技术在智慧教室系统中的应用_李国良\1.jpg
2025-04-22 02:16:14,717 - INFO - Adding image: D:\show\论文\5.无线传感网技术在智慧教室系统中的应用_李国良\2.jpg
2025-04-22 02:16:14,739 - INFO - Adding image: D:\show\论文\6.智慧教学视域下高校家具设计课程微项目教学探究_冯雨\1.jpg
2025-04-22 02:16:14,758 - INFO - Adding image: D:\show\论文\6.智慧教学视域下高校家具设计课程微项目教学探究_冯雨\2.jpg
2025-04-22 02:16:14,779 - INFO - Adding image: D:\show\论文\6.智慧教学视域下高校家具设计课程微项目教学探究_冯雨\3.jpg
2025-04-22 02:16:14,803 - INFO - Adding image: D:\show\论文\7.智慧校园的物联网应用_朱子芊\1.jpg
2025-04-22 02:16:14,823 - INFO - Adding image: D:\show\论文\7.智慧校园的物联网应用_朱子芊\2.jpg
2025-04-22 02:16:14,847 - INFO - Adding image: D:\show\论文\7.智慧校园的物联网应用_朱子芊\3.jpg
2025-04-22 02:16:14,873 - INFO - Adding image: D:\show\论文\8.校园智慧教室的物联网技术的应用_李小孟\1.jpg
2025-04-22 02:16:14,898 - INFO - Adding image: D:\show\论文\8.校园智慧教室的物联网技术的应用_李小孟\2.jpg
2025-04-22 02:16:14,937 - INFO - Adding image: D:\show\论文\9.观察法在中小学创客教室家具设计中的应用_李欣怡\1.jpg
2025-04-22 02:16:14,963 - INFO - Adding image: D:\show\论文\9.观察法在中小学创客教室家具设计中的应用_李欣怡\2.jpg
2025-04-22 02:16:14,991 - INFO - Adding image: D:\show\论文\9.观察法在中小学创客教室家具设计中的应用_李欣怡\3.jpg
2025-04-22 02:16:15,019 - INFO - Adding image: D:\show\论文\9.观察法在中小学创客教室家具设计中的应用_李欣怡\4.jpg
2025-04-22 02:16:15,048 - INFO - Adding image: D:\show\论文\9.观察法在中小学创客教室家具设计中的应用_李欣怡\5.jpg
2025-04-22 02:16:15,078 - INFO - Adding image: D:\show\论文\9.观察法在中小学创客教室家具设计中的应用_李欣怡\6.jpg
2025-04-22 02:16:16,449 - INFO - Document creation completed at: D:\show\论文\佐证材料.docx
